#
# A fatal error has been detected by the Java Runtime Environment:
#
#  EXCEPTION_ACCESS_VIOLATION (0xc0000005) at pc=0x00000000687f14ec, pid=6244, tid=0x00000000000010dc
#
# JRE version: OpenJDK Runtime Environment (8.0_152-b01) (build 1.8.0_152-release-915-b01)
# Java VM: OpenJDK 64-Bit Server VM (25.152-b01 mixed mode windows-amd64 compressed oops)
# Problematic frame:
# V  [jvm.dll+0x4314ec]
#
# Failed to write core dump. Minidumps are not enabled by default on client versions of Windows
#
# If you would like to submit a bug report, please visit:
#   http://bugreport.java.com/bugreport/crash.jsp
#

---------------  T H R E A D  ---------------

Current thread (0x00000000159f8000):  JavaThread "C2 CompilerThread0" daemon [_thread_in_native, id=4316, stack(0x0000000016a50000,0x0000000016b50000)]

siginfo: ExceptionCode=0xc0000005, reading address 0x0000000000000004

Registers:
RAX=0x0000000000000004, RBX=0x000000001c0578f0, RCX=0x000000001bfdefa0, RDX=0x0000000000000001
RSP=0x0000000016b4c0b0, RBP=0x0000000000000004, RSI=0x000000001bfa63d8, RDI=0x000000001c1d2490
R8 =0x00000000189054b0, R9 =0x0000000000000001, R10=0x0000000000000000, R11=0x0000000000000000
R12=0x0000000016b4c4c0, R13=0x0000000000000000, R14=0x0000000000000168, R15=0x000000000000002d
RIP=0x00000000687f14ec, EFLAGS=0x0000000000010202

Top of Stack: (sp=0x0000000016b4c0b0)
0x0000000016b4c0b0:   000000001bfa63d8 000000001c0578f0
0x0000000016b4c0c0:   000000001c1d2490 ffffffffffffffff
0x0000000016b4c0d0:   0000002e000004e8 000000001c1d2490
0x0000000016b4c0e0:   0000000000000018 00000000000004e8
0x0000000016b4c0f0:   0000000000000000 0000000000000000
0x0000000016b4c100:   0000000016b4c1d0 00000000000003d8
0x0000000016b4c110:   000000001a2ff728 000000001a2ff350
0x0000000016b4c120:   0000000016b4c250 0000000000000000
0x0000000016b4c130:   0000000016b4c4c0 000000001a2ff340
0x0000000016b4c140:   0000000016b4c5d0 00000000687f4333
0x0000000016b4c150:   0000000016b4c4c0 0000000016b4c201
0x0000000016b4c160:   00000000ffffffff 0000000000000003
0x0000000016b4c170:   0000000000000002 000000001a2ff340
0x0000000016b4c180:   000000001a563ff0 000000001a566530
0x0000000016b4c190:   000000001a56bfd8 00000000001a3a68
0x0000000016b4c1a0:   0000000000000002 000000001a302e50 

Instructions: (pc=0x00000000687f14ec)
0x00000000687f14cc:   ce 49 8b 14 0e 49 8b 4c 24 48 44 8b 42 28 48 8b
0x00000000687f14dc:   51 68 4a 8b 0c c2 f3 0f 10 41 08 0f 2f c1 77 3b
0x00000000687f14ec:   8b 00 21 43 38 8b 45 04 21 43 3c 8b 45 08 21 43
0x00000000687f14fc:   40 8b 45 0c 21 43 44 8b 45 10 21 43 48 8b 45 14 


Register to memory mapping:

RAX=0x0000000000000004 is an unknown value
RBX=0x000000001c0578f0 is an unknown value
RCX=0x000000001bfdefa0 is an unknown value
RDX=0x0000000000000001 is an unknown value
RSP=0x0000000016b4c0b0 is pointing into the stack for thread: 0x00000000159f8000
RBP=0x0000000000000004 is an unknown value
RSI=0x000000001bfa63d8 is an unknown value
RDI=0x000000001c1d2490 is an unknown value
R8 =0x00000000189054b0 is an unknown value
R9 =0x0000000000000001 is an unknown value
R10=0x0000000000000000 is an unknown value
R11=0x0000000000000000 is an unknown value
R12=0x0000000016b4c4c0 is pointing into the stack for thread: 0x00000000159f8000
R13=0x0000000000000000 is an unknown value
R14=0x0000000000000168 is an unknown value
R15=0x000000000000002d is an unknown value


Stack: [0x0000000016a50000,0x0000000016b50000],  sp=0x0000000016b4c0b0,  free space=1008k
Native frames: (J=compiled Java code, j=interpreted, Vv=VM code, C=native code)
V  [jvm.dll+0x4314ec]
V  [jvm.dll+0x434333]
V  [jvm.dll+0x43f19b]
V  [jvm.dll+0x441a6e]
V  [jvm.dll+0x424b32]
V  [jvm.dll+0x80fa9]
V  [jvm.dll+0x818df]
V  [jvm.dll+0x21d06f]
V  [jvm.dll+0x26d4aa]
C  [msvcr100.dll+0x21d9f]
C  [msvcr100.dll+0x21e3b]
C  [KERNEL32.DLL+0x18102]
C  [ntdll.dll+0x5c5b4]


Current CompileTask:
C2: 224985 5787       4       sun.reflect.generics.parser.SignatureParser::parseFieldTypeSignature (73 bytes)


---------------  P R O C E S S  ---------------

Java Threads: ( => current thread )
  0x000000001a61a800 JavaThread "Memory manager" [_thread_blocked, id=3148, stack(0x000000001d610000,0x000000001d710000)]
  0x000000001a61c000 JavaThread "build operations Thread 2" [_thread_blocked, id=832, stack(0x000000001cf10000,0x000000001d010000)]
  0x000000001a61f000 JavaThread "build operations" [_thread_blocked, id=7028, stack(0x000000001ce10000,0x000000001cf10000)]
  0x000000001a61a000 JavaThread "Cache worker for Artifact transforms cache (C:\Users\Dell\.gradle\caches\transforms-1)" [_thread_blocked, id=836, stack(0x000000001b540000,0x000000001b640000)]
  0x00000000181c9800 JavaThread "Cache worker for file hash cache (C:\Users\Dell\project\gestiondabsence\.gradle\4.1\fileHashes)" [_thread_blocked, id=4668, stack(0x000000001b040000,0x000000001b140000)]
  0x00000000189bb000 JavaThread "File lock request listener" [_thread_in_native, id=4948, stack(0x000000001af40000,0x000000001b040000)]
  0x0000000017442800 JavaThread "Cache worker for file hash cache (C:\Users\Dell\.gradle\caches\4.1\fileHashes)" [_thread_blocked, id=5580, stack(0x000000001ae40000,0x000000001af40000)]
  0x00000000173a9800 JavaThread "Asynchronous log dispatcher for DefaultDaemonConnection: socket connection from /127.0.0.1:1884 to /127.0.0.1:1885" [_thread_blocked, id=2108, stack(0x0000000019870000,0x0000000019970000)]
  0x0000000017074000 JavaThread "Daemon worker" [_thread_in_Java, id=1384, stack(0x0000000019770000,0x0000000019870000)]
  0x0000000016eb2800 JavaThread "Cancel handler" [_thread_blocked, id=5520, stack(0x0000000019670000,0x0000000019770000)]
  0x00000000173bb000 JavaThread "Handler for socket connection from /127.0.0.1:1884 to /127.0.0.1:1885" [_thread_in_native, id=4204, stack(0x0000000019370000,0x0000000019470000)]
  0x00000000173ba800 JavaThread "Daemon" [_thread_blocked, id=4472, stack(0x0000000019270000,0x0000000019370000)]
  0x00000000173c1800 JavaThread "Daemon periodic checks" [_thread_blocked, id=4672, stack(0x0000000019170000,0x0000000019270000)]
  0x000000001767d000 JavaThread "Incoming local TCP Connector on port 1884" [_thread_in_native, id=160, stack(0x0000000018f60000,0x0000000019060000)]
  0x0000000015a58000 JavaThread "Service Thread" daemon [_thread_blocked, id=3888, stack(0x0000000016c50000,0x0000000016d50000)]
  0x0000000015a52800 JavaThread "C1 CompilerThread1" daemon [_thread_blocked, id=2708, stack(0x0000000016b50000,0x0000000016c50000)]
=>0x00000000159f8000 JavaThread "C2 CompilerThread0" daemon [_thread_in_native, id=4316, stack(0x0000000016a50000,0x0000000016b50000)]
  0x00000000159f6800 JavaThread "Attach Listener" daemon [_thread_blocked, id=6512, stack(0x0000000016950000,0x0000000016a50000)]
  0x00000000159f3000 JavaThread "Signal Dispatcher" daemon [_thread_blocked, id=4580, stack(0x0000000016850000,0x0000000016950000)]
  0x00000000159d8000 JavaThread "Finalizer" daemon [_thread_blocked, id=896, stack(0x0000000016640000,0x0000000016740000)]
  0x00000000159b3800 JavaThread "Reference Handler" daemon [_thread_blocked, id=5248, stack(0x0000000016540000,0x0000000016640000)]
  0x00000000004fd800 JavaThread "main" [_thread_blocked, id=216, stack(0x00000000020d0000,0x00000000021d0000)]

Other Threads:
  0x00000000159ad000 VMThread [stack: 0x0000000016440000,0x0000000016540000] [id=5032]
  0x0000000015a5a800 WatcherThread [stack: 0x0000000016d50000,0x0000000016e50000] [id=920]

VM state:not at safepoint (normal execution)

VM Mutex/Monitor currently owned by a thread: None

Heap:
 PSYoungGen      total 137728K, used 123149K [0x00000000e0000000, 0x00000000e9600000, 0x0000000100000000)
  eden space 125440K, 89% used [0x00000000e0000000,0x00000000e6d8abc0,0x00000000e7a80000)
  from space 12288K, 89% used [0x00000000e8780000,0x00000000e9238ac8,0x00000000e9380000)
  to   space 13312K, 0% used [0x00000000e7a80000,0x00000000e7a80000,0x00000000e8780000)
 ParOldGen       total 57344K, used 16257K [0x00000000a0000000, 0x00000000a3800000, 0x00000000e0000000)
  object space 57344K, 28% used [0x00000000a0000000,0x00000000a0fe0518,0x00000000a3800000)
 Metaspace       used 49269K, capacity 50640K, committed 50776K, reserved 1093632K
  class space    used 6590K, capacity 7006K, committed 7040K, reserved 1048576K

Card table byte_map: [0x0000000011690000,0x00000000119a0000] byte_map_base: 0x0000000011190000

Marking Bits: (ParMarkBitMap*) 0x0000000068b83950
 Begin Bits: [0x0000000011da0000, 0x00000000135a0000)
 End Bits:   [0x00000000135a0000, 0x0000000014da0000)

Polling page: 0x00000000004d0000

CodeCache: size=245760Kb used=17866Kb max_used=17866Kb free=227893Kb
 bounds [0x00000000022d0000, 0x0000000003460000, 0x00000000112d0000]
 total_blobs=5993 nmethods=5254 adapters=652
 compilation: enabled

Compilation events (10 events):
Event: 224.798 Thread 0x0000000015a52800 nmethod 5847 0x000000000343ee50 code [0x000000000343efa0, 0x000000000343f170]
Event: 224.798 Thread 0x0000000015a52800 5848       3       org.gradle.api.internal.project.taskfactory.DefaultTaskClassValidatorExtractor::access$400 (8 bytes)
Event: 224.799 Thread 0x0000000015a52800 nmethod 5848 0x000000000343f210 code [0x000000000343f380, 0x000000000343f4e8]
Event: 224.799 Thread 0x0000000015a52800 5849       3       org.gradle.api.internal.project.taskfactory.DefaultTaskClassValidatorExtractor::mergeDeclaredAnnotations (190 bytes)
Event: 224.812 Thread 0x0000000015a52800 nmethod 5849 0x000000000343f5d0 code [0x000000000343fb20, 0x0000000003443188]
Event: 224.813 Thread 0x0000000015a52800 5851       3       java.util.Formatter::parse (151 bytes)
Event: 224.824 Thread 0x0000000015a52800 nmethod 5851 0x0000000003445750 code [0x0000000003445b60, 0x00000000034484b8]
Event: 224.824 Thread 0x0000000015a52800 5850       1       org.gradle.api.internal.project.taskfactory.DefaultTaskClassValidatorExtractor$DefaultTaskPropertyActionContext::getPropertyType (5 bytes)
Event: 224.825 Thread 0x0000000015a52800 nmethod 5850 0x0000000003449ad0 code [0x0000000003449c20, 0x0000000003449d30]
Event: 224.825 Thread 0x0000000015a52800 5852       3       java.lang.invoke.MethodHandles$Lookup::getDirectMethodCommon (271 bytes)

GC Heap History (10 events):
Event: 97.605 GC heap before
{Heap before GC invocations=8 (full 1):
 PSYoungGen      total 72192K, used 64512K [0x00000000e0000000, 0x00000000e5100000, 0x0000000100000000)
  eden space 64512K, 100% used [0x00000000e0000000,0x00000000e3f00000,0x00000000e3f00000)
  from space 7680K, 0% used [0x00000000e4780000,0x00000000e4780000,0x00000000e4f00000)
  to   space 8704K, 0% used [0x00000000e3f00000,0x00000000e3f00000,0x00000000e4780000)
 ParOldGen       total 41472K, used 13193K [0x00000000a0000000, 0x00000000a2880000, 0x00000000e0000000)
  object space 41472K, 31% used [0x00000000a0000000,0x00000000a0ce27a0,0x00000000a2880000)
 Metaspace       used 25565K, capacity 26022K, committed 26240K, reserved 1071104K
  class space    used 3533K, capacity 3682K, committed 3712K, reserved 1048576K
Event: 97.698 GC heap after
Heap after GC invocations=8 (full 1):
 PSYoungGen      total 73216K, used 6606K [0x00000000e0000000, 0x00000000e7400000, 0x0000000100000000)
  eden space 64512K, 0% used [0x00000000e0000000,0x00000000e0000000,0x00000000e3f00000)
  from space 8704K, 75% used [0x00000000e3f00000,0x00000000e4573be8,0x00000000e4780000)
  to   space 9216K, 0% used [0x00000000e6b00000,0x00000000e6b00000,0x00000000e7400000)
 ParOldGen       total 41472K, used 13201K [0x00000000a0000000, 0x00000000a2880000, 0x00000000e0000000)
  object space 41472K, 31% used [0x00000000a0000000,0x00000000a0ce47a0,0x00000000a2880000)
 Metaspace       used 25565K, capacity 26022K, committed 26240K, reserved 1071104K
  class space    used 3533K, capacity 3682K, committed 3712K, reserved 1048576K
}
Event: 117.300 GC heap before
{Heap before GC invocations=9 (full 1):
 PSYoungGen      total 73216K, used 71118K [0x00000000e0000000, 0x00000000e7400000, 0x0000000100000000)
  eden space 64512K, 100% used [0x00000000e0000000,0x00000000e3f00000,0x00000000e3f00000)
  from space 8704K, 75% used [0x00000000e3f00000,0x00000000e4573be8,0x00000000e4780000)
  to   space 9216K, 0% used [0x00000000e6b00000,0x00000000e6b00000,0x00000000e7400000)
 ParOldGen       total 41472K, used 13201K [0x00000000a0000000, 0x00000000a2880000, 0x00000000e0000000)
  object space 41472K, 31% used [0x00000000a0000000,0x00000000a0ce47a0,0x00000000a2880000)
 Metaspace       used 31245K, capacity 31926K, committed 32000K, reserved 1077248K
  class space    used 4313K, capacity 4584K, committed 4608K, reserved 1048576K
Event: 117.417 GC heap after
Heap after GC invocations=9 (full 1):
 PSYoungGen      total 107520K, used 9184K [0x00000000e0000000, 0x00000000e7500000, 0x0000000100000000)
  eden space 98304K, 0% used [0x00000000e0000000,0x00000000e0000000,0x00000000e6000000)
  from space 9216K, 99% used [0x00000000e6b00000,0x00000000e73f8280,0x00000000e7400000)
  to   space 10752K, 0% used [0x00000000e6000000,0x00000000e6000000,0x00000000e6a80000)
 ParOldGen       total 41472K, used 13795K [0x00000000a0000000, 0x00000000a2880000, 0x00000000e0000000)
  object space 41472K, 33% used [0x00000000a0000000,0x00000000a0d78d70,0x00000000a2880000)
 Metaspace       used 31245K, capacity 31926K, committed 32000K, reserved 1077248K
  class space    used 4313K, capacity 4584K, committed 4608K, reserved 1048576K
}
Event: 184.191 GC heap before
{Heap before GC invocations=10 (full 1):
 PSYoungGen      total 107520K, used 78520K [0x00000000e0000000, 0x00000000e7500000, 0x0000000100000000)
  eden space 98304K, 70% used [0x00000000e0000000,0x00000000e43b5ea0,0x00000000e6000000)
  from space 9216K, 99% used [0x00000000e6b00000,0x00000000e73f8280,0x00000000e7400000)
  to   space 10752K, 0% used [0x00000000e6000000,0x00000000e6000000,0x00000000e6a80000)
 ParOldGen       total 41472K, used 13795K [0x00000000a0000000, 0x00000000a2880000, 0x00000000e0000000)
  object space 41472K, 33% used [0x00000000a0000000,0x00000000a0d78d70,0x00000000a2880000)
 Metaspace       used 34533K, capacity 35380K, committed 35416K, reserved 1079296K
  class space    used 4694K, capacity 4974K, committed 4992K, reserved 1048576K
Event: 184.380 GC heap after
Heap after GC invocations=10 (full 1):
 PSYoungGen      total 109056K, used 10279K [0x00000000e0000000, 0x00000000e9380000, 0x0000000100000000)
  eden space 98304K, 0% used [0x00000000e0000000,0x00000000e0000000,0x00000000e6000000)
  from space 10752K, 95% used [0x00000000e6000000,0x00000000e6a09c88,0x00000000e6a80000)
  to   space 12288K, 0% used [0x00000000e8780000,0x00000000e8780000,0x00000000e9380000)
 ParOldGen       total 41472K, used 13867K [0x00000000a0000000, 0x00000000a2880000, 0x00000000e0000000)
  object space 41472K, 33% used [0x00000000a0000000,0x00000000a0d8ad80,0x00000000a2880000)
 Metaspace       used 34533K, capacity 35380K, committed 35416K, reserved 1079296K
  class space    used 4694K, capacity 4974K, committed 4992K, reserved 1048576K
}
Event: 184.381 GC heap before
{Heap before GC invocations=11 (full 2):
 PSYoungGen      total 109056K, used 10279K [0x00000000e0000000, 0x00000000e9380000, 0x0000000100000000)
  eden space 98304K, 0% used [0x00000000e0000000,0x00000000e0000000,0x00000000e6000000)
  from space 10752K, 95% used [0x00000000e6000000,0x00000000e6a09c88,0x00000000e6a80000)
  to   space 12288K, 0% used [0x00000000e8780000,0x00000000e8780000,0x00000000e9380000)
 ParOldGen       total 41472K, used 13867K [0x00000000a0000000, 0x00000000a2880000, 0x00000000e0000000)
  object space 41472K, 33% used [0x00000000a0000000,0x00000000a0d8ad80,0x00000000a2880000)
 Metaspace       used 34533K, capacity 35380K, committed 35416K, reserved 1079296K
  class space    used 4694K, capacity 4974K, committed 4992K, reserved 1048576K
Event: 185.383 GC heap after
Heap after GC invocations=11 (full 2):
 PSYoungGen      total 109056K, used 0K [0x00000000e0000000, 0x00000000e9380000, 0x0000000100000000)
  eden space 98304K, 0% used [0x00000000e0000000,0x00000000e0000000,0x00000000e6000000)
  from space 10752K, 0% used [0x00000000e6000000,0x00000000e6000000,0x00000000e6a80000)
  to   space 12288K, 0% used [0x00000000e8780000,0x00000000e8780000,0x00000000e9380000)
 ParOldGen       total 57344K, used 16249K [0x00000000a0000000, 0x00000000a3800000, 0x00000000e0000000)
  object space 57344K, 28% used [0x00000000a0000000,0x00000000a0fde518,0x00000000a3800000)
 Metaspace       used 34533K, capacity 35380K, committed 35416K, reserved 1079296K
  class space    used 4694K, capacity 4974K, committed 4992K, reserved 1048576K
}
Event: 203.816 GC heap before
{Heap before GC invocations=12 (full 2):
 PSYoungGen      total 109056K, used 98304K [0x00000000e0000000, 0x00000000e9380000, 0x0000000100000000)
  eden space 98304K, 100% used [0x00000000e0000000,0x00000000e6000000,0x00000000e6000000)
  from space 10752K, 0% used [0x00000000e6000000,0x00000000e6000000,0x00000000e6a80000)
  to   space 12288K, 0% used [0x00000000e8780000,0x00000000e8780000,0x00000000e9380000)
 ParOldGen       total 57344K, used 16249K [0x00000000a0000000, 0x00000000a3800000, 0x00000000e0000000)
  object space 57344K, 28% used [0x00000000a0000000,0x00000000a0fde518,0x00000000a3800000)
 Metaspace       used 41995K, capacity 42980K, committed 43096K, reserved 1087488K
  class space    used 5597K, capacity 5917K, committed 6016K, reserved 1048576K
Event: 204.011 GC heap after
Heap after GC invocations=12 (full 2):
 PSYoungGen      total 137728K, used 10978K [0x00000000e0000000, 0x00000000e9600000, 0x0000000100000000)
  eden space 125440K, 0% used [0x00000000e0000000,0x00000000e0000000,0x00000000e7a80000)
  from space 12288K, 89% used [0x00000000e8780000,0x00000000e9238ac8,0x00000000e9380000)
  to   space 13312K, 0% used [0x00000000e7a80000,0x00000000e7a80000,0x00000000e8780000)
 ParOldGen       total 57344K, used 16257K [0x00000000a0000000, 0x00000000a3800000, 0x00000000e0000000)
  object space 57344K, 28% used [0x00000000a0000000,0x00000000a0fe0518,0x00000000a3800000)
 Metaspace       used 41995K, capacity 42980K, committed 43096K, reserved 1087488K
  class space    used 5597K, capacity 5917K, committed 6016K, reserved 1048576K
}

Deoptimization events (10 events):
Event: 213.506 Thread 0x0000000017074000 Uncommon trap: reason=class_check action=maybe_recompile pc=0x0000000002f25bd0 method=com.sun.org.apache.xerces.internal.impl.XMLDocumentFragmentScannerImpl.scanDocument(Z)Z @ 9
Event: 213.544 Thread 0x0000000017074000 Uncommon trap: reason=class_check action=maybe_recompile pc=0x0000000002f25bd0 method=com.sun.org.apache.xerces.internal.impl.XMLDocumentFragmentScannerImpl.scanDocument(Z)Z @ 9
Event: 213.555 Thread 0x0000000017074000 Uncommon trap: reason=unstable_if action=reinterpret pc=0x0000000002872288 method=java.util.WeakHashMap.remove(Ljava/lang/Object;)Ljava/lang/Object; @ 94
Event: 213.665 Thread 0x0000000017074000 Uncommon trap: reason=class_check action=maybe_recompile pc=0x0000000002f25bd0 method=com.sun.org.apache.xerces.internal.impl.XMLDocumentFragmentScannerImpl.scanDocument(Z)Z @ 9
Event: 213.801 Thread 0x0000000017074000 Uncommon trap: reason=predicate action=maybe_recompile pc=0x0000000002f21770 method=com.sun.org.apache.xerces.internal.impl.XMLDocumentFragmentScannerImpl.scanDocument(Z)Z @ 13
Event: 214.319 Thread 0x0000000017074000 Uncommon trap: reason=unstable_if action=reinterpret pc=0x0000000002cb5e70 method=java.util.regex.Matcher.find()Z @ 10
Event: 214.476 Thread 0x0000000017074000 Uncommon trap: reason=unstable_if action=reinterpret pc=0x0000000002d921f8 method=java.lang.CharacterDataLatin1.digit(II)I @ 31
Event: 214.667 Thread 0x0000000017074000 Uncommon trap: reason=unstable_if action=reinterpret pc=0x000000000242d3a8 method=java.lang.CharacterDataLatin1.digit(II)I @ 31
Event: 223.936 Thread 0x0000000017074000 Uncommon trap: reason=unstable_if action=reinterpret pc=0x0000000002a89878 method=org.objectweb.asm.ByteVector.putUTF8(Ljava/lang/String;)Lorg/objectweb/asm/ByteVector; @ 91
Event: 224.521 Thread 0x0000000017074000 Uncommon trap: reason=unstable_if action=reinterpret pc=0x0000000002a5d160 method=java.lang.String.lastIndexOf([CII[CIII)I @ 118

Classes redefined (0 events):
No events

Internal exceptions (10 events):
Event: 218.175 Thread 0x0000000017074000 Exception <a 'sun/nio/fs/WindowsException'> (0x00000000e3c14d78) thrown at [D:\src\AOSP-openjdk-cygwin\jdk8u\hotspot\src\share\vm\prims\jni.cpp, line 709]
Event: 218.183 Thread 0x0000000017074000 Exception <a 'sun/nio/fs/WindowsException'> (0x00000000e3c19cb8) thrown at [D:\src\AOSP-openjdk-cygwin\jdk8u\hotspot\src\share\vm\prims\jni.cpp, line 709]
Event: 218.183 Thread 0x0000000017074000 Exception <a 'sun/nio/fs/WindowsException'> (0x00000000e3c1a7e8) thrown at [D:\src\AOSP-openjdk-cygwin\jdk8u\hotspot\src\share\vm\prims\jni.cpp, line 709]
Event: 218.184 Thread 0x0000000017074000 Exception <a 'sun/nio/fs/WindowsException'> (0x00000000e3c1c360) thrown at [D:\src\AOSP-openjdk-cygwin\jdk8u\hotspot\src\share\vm\prims\jni.cpp, line 709]
Event: 218.184 Thread 0x0000000017074000 Exception <a 'sun/nio/fs/WindowsException'> (0x00000000e3c1cec8) thrown at [D:\src\AOSP-openjdk-cygwin\jdk8u\hotspot\src\share\vm\prims\jni.cpp, line 709]
Event: 221.069 Thread 0x0000000017074000 Exception <a 'java/lang/NoSuchMethodError': java.lang.Object.lambda$comparing$77a9974f$1(Ljava/util/function/Function;Ljava/lang/Object;Ljava/lang/Object;)I> (0x00000000e5c601c0) thrown at [D:\src\AOSP-openjdk-cygwin\jdk8u\hotspot\src\share\vm\interpreter
Event: 221.078 Thread 0x0000000017074000 Exception <a 'java/lang/NoSuchMethodError': java.lang.Object.lambda$thenComparing$36697e65$1(Ljava/util/Comparator;Ljava/lang/Object;Ljava/lang/Object;)I> (0x00000000e5c6b840) thrown at [D:\src\AOSP-openjdk-cygwin\jdk8u\hotspot\src\share\vm\interpreter\li
Event: 221.249 Thread 0x0000000017074000 Exception <a 'java/lang/NoSuchMethodError': java.lang.Object.lambda$maxBy$1(Ljava/util/Comparator;Ljava/lang/Object;Ljava/lang/Object;)Ljava/lang/Object;> (0x00000000e5d14c58) thrown at [D:\src\AOSP-openjdk-cygwin\jdk8u\hotspot\src\share\vm\interpreter\li
Event: 223.226 Thread 0x0000000017074000 Exception <a 'java/lang/ClassNotFoundException': org/gradle/api/plugins/BasePluginConventionBeanInfo> (0x00000000e647fca0) thrown at [D:\src\AOSP-openjdk-cygwin\jdk8u\hotspot\src\share\vm\classfile\systemDictionary.cpp, line 210]
Event: 223.229 Thread 0x0000000017074000 Exception <a 'java/lang/ClassNotFoundException': org/gradle/api/plugins/BasePluginConventionCustomizer> (0x00000000e649f5b0) thrown at [D:\src\AOSP-openjdk-cygwin\jdk8u\hotspot\src\share\vm\classfile\systemDictionary.cpp, line 210]

Events (10 events):
Event: 224.813 loading class com/android/build/gradle/internal/core/GradleVariantConfiguration
Event: 224.813 loading class com/android/build/gradle/internal/core/GradleVariantConfiguration done
Event: 224.814 loading class com/android/build/gradle/internal/core/GradleVariantConfiguration
Event: 224.814 loading class com/android/build/gradle/internal/core/GradleVariantConfiguration done
Event: 224.816 loading class com/android/build/gradle/internal/core/GradleVariantConfiguration
Event: 224.822 loading class com/android/build/gradle/internal/core/GradleVariantConfiguration done
Event: 224.823 loading class com/android/build/gradle/internal/core/GradleVariantConfiguration
Event: 224.823 loading class com/android/build/gradle/internal/core/GradleVariantConfiguration done
Event: 224.825 loading class com/android/builder/model/ProductFlavor
Event: 224.825 loading class com/android/builder/model/ProductFlavor done


Dynamic libraries:
0x00007ff6eda10000 - 0x00007ff6eda41000 	C:\Program Files\Android\Android Studio\jre\bin\java.exe
0x00007ffc343d0000 - 0x00007ffc34591000 	C:\Windows\SYSTEM32\ntdll.dll
0x00007ffc33700000 - 0x00007ffc337ad000 	C:\Windows\system32\KERNEL32.DLL
0x00007ffc30ed0000 - 0x00007ffc310b8000 	C:\Windows\system32\KERNELBASE.dll
0x00007ffc33000000 - 0x00007ffc330a7000 	C:\Windows\system32\ADVAPI32.dll
0x00007ffc330b0000 - 0x00007ffc3314d000 	C:\Windows\system32\msvcrt.dll
0x00007ffc334a0000 - 0x00007ffc334fb000 	C:\Windows\system32\sechost.dll
0x00007ffc33a30000 - 0x00007ffc33b4c000 	C:\Windows\system32\RPCRT4.dll
0x00007ffc33150000 - 0x00007ffc332a6000 	C:\Windows\system32\USER32.dll
0x00007ffc33570000 - 0x00007ffc336f6000 	C:\Windows\system32\GDI32.dll
0x00007ffc240b0000 - 0x00007ffc24324000 	C:\Windows\WinSxS\amd64_microsoft.windows.common-controls_6595b64144ccf1df_6.0.10586.0_none_8c15ae12515e1c22\COMCTL32.dll
0x00007ffc34120000 - 0x00007ffc3439d000 	C:\Windows\system32\combase.dll
0x00007ffc30b10000 - 0x00007ffc30b7a000 	C:\Windows\system32\bcryptPrimitives.dll
0x00007ffc340e0000 - 0x00007ffc3411b000 	C:\Windows\system32\IMM32.DLL
0x00000000682e0000 - 0x00000000683b2000 	C:\Program Files\Android\Android Studio\jre\jre\bin\msvcr100.dll
0x00000000683c0000 - 0x0000000068bfe000 	C:\Program Files\Android\Android Studio\jre\jre\bin\server\jvm.dll
0x00007ffc33490000 - 0x00007ffc33498000 	C:\Windows\system32\PSAPI.DLL
0x00007ffc29b90000 - 0x00007ffc29b99000 	C:\Windows\SYSTEM32\WSOCK32.dll
0x00007ffc33420000 - 0x00007ffc3348b000 	C:\Windows\system32\WS2_32.dll
0x00007ffc2f1e0000 - 0x00007ffc2f203000 	C:\Windows\SYSTEM32\WINMM.dll
0x00007ffc266c0000 - 0x00007ffc266ca000 	C:\Windows\SYSTEM32\VERSION.dll
0x00007ffc2f1b0000 - 0x00007ffc2f1dc000 	C:\Windows\SYSTEM32\WINMMBASE.dll
0x00007ffc30e80000 - 0x00007ffc30ec3000 	C:\Windows\system32\cfgmgr32.dll
0x00007ffc271a0000 - 0x00007ffc271af000 	C:\Program Files\Android\Android Studio\jre\jre\bin\verify.dll
0x00007ffc18b20000 - 0x00007ffc18b49000 	C:\Program Files\Android\Android Studio\jre\jre\bin\java.dll
0x00007ffc256d0000 - 0x00007ffc256e6000 	C:\Program Files\Android\Android Studio\jre\jre\bin\zip.dll
0x00007ffc31950000 - 0x00007ffc32eac000 	C:\Windows\system32\SHELL32.dll
0x00007ffc31150000 - 0x00007ffc31795000 	C:\Windows\system32\windows.storage.dll
0x00007ffc339d0000 - 0x00007ffc33a22000 	C:\Windows\system32\shlwapi.dll
0x00007ffc309e0000 - 0x00007ffc309ef000 	C:\Windows\system32\kernel.appcore.dll
0x00007ffc30a50000 - 0x00007ffc30b05000 	C:\Windows\system32\shcore.dll
0x00007ffc30a00000 - 0x00007ffc30a4b000 	C:\Windows\system32\powrprof.dll
0x00007ffc309c0000 - 0x00007ffc309d4000 	C:\Windows\system32\profapi.dll
0x00007ffc253c0000 - 0x00007ffc253da000 	C:\Program Files\Android\Android Studio\jre\jre\bin\net.dll
0x00007ffc302f0000 - 0x00007ffc3034c000 	C:\Windows\system32\mswsock.dll
0x00007ffc19260000 - 0x00007ffc19271000 	C:\Program Files\Android\Android Studio\jre\jre\bin\nio.dll
0x00007ffc2f120000 - 0x00007ffc2f13e000 	C:\Users\Dell\.gradle\native\25\windows-amd64\native-platform.dll
0x00007ffc25740000 - 0x00007ffc2574d000 	C:\Program Files\Android\Android Studio\jre\jre\bin\management.dll
0x00007ffc303a0000 - 0x00007ffc303b7000 	C:\Windows\SYSTEM32\CRYPTSP.dll
0x00007ffc30030000 - 0x00007ffc30064000 	C:\Windows\system32\rsaenh.dll
0x00007ffc305c0000 - 0x00007ffc305e9000 	C:\Windows\SYSTEM32\bcrypt.dll
0x00007ffc30180000 - 0x00007ffc3019f000 	C:\Windows\SYSTEM32\USERENV.dll
0x00007ffc304c0000 - 0x00007ffc304cb000 	C:\Windows\SYSTEM32\CRYPTBASE.dll
0x00007ffc2d080000 - 0x00007ffc2d0b8000 	C:\Windows\SYSTEM32\IPHLPAPI.DLL
0x00007ffc33820000 - 0x00007ffc33828000 	C:\Windows\system32\NSI.dll
0x00007ffc28bc0000 - 0x00007ffc28bd6000 	C:\Windows\SYSTEM32\dhcpcsvc6.DLL
0x00007ffc28e90000 - 0x00007ffc28eaa000 	C:\Windows\SYSTEM32\dhcpcsvc.DLL
0x00007ffc0ecc0000 - 0x00007ffc0ee4c000 	C:\Windows\SYSTEM32\dbghelp.dll

VM Arguments:
jvm_args: -Xmx1536m -Dfile.encoding=windows-1252 -Duser.country=FR -Duser.language=fr -Duser.variant 
java_command: org.gradle.launcher.daemon.bootstrap.GradleDaemon 4.1
java_class_path (initial): C:\Users\Dell\.gradle\wrapper\dists\gradle-4.1-all\bzyivzo6n839fup2jbap0tjew\gradle-4.1\lib\gradle-launcher-4.1.jar
Launcher Type: SUN_STANDARD

Environment Variables:
PATH=C:\ProgramData\Oracle\Java\javapath;C:\Program Files (x86)\ActiveState Komodo Edit 10\;C:\Windows\system32;C:\Windows;C:\Windows\System32\Wbem;C:\Windows\System32\WindowsPowerShell\v1.0\;C:\Program Files (x86)\Windows Kits\8.1\Windows Performance Toolkit\;C:\Program Files\Microsoft SQL Server\110\Tools\Binn\
USERNAME=Dell
OS=Windows_NT
PROCESSOR_IDENTIFIER=Intel64 Family 6 Model 15 Stepping 13, GenuineIntel



---------------  S Y S T E M  ---------------

OS: Windows 10.0 , 64 bit Build 10586 (10.0.10586.0)

CPU:total 2 (initial active 2) (2 cores per cpu, 1 threads per core) family 6 model 15 stepping 13, cmov, cx8, fxsr, mmx, sse, sse2, sse3, ssse3, tsc

Memory: 4k page, physical 4184032k(837916k free), swap 5953504k(2159388k free)

vm_info: OpenJDK 64-Bit Server VM (25.152-b01) for windows-amd64 JRE (1.8.0_152-release-915-b01), built by "builder" with MS VC++ 10.0 (VS2010)

time: Fri Apr 20 13:31:20 2018
elapsed time: 224 seconds (0d 0h 3m 44s)

